#
# There is insufficient memory for the Java Runtime Environment to continue.
# Native memory allocation (malloc) failed to allocate 800736 bytes for Chunk::new
# Possible reasons:
#   The system is out of physical RAM or swap space
#   In 32 bit mode, the process size limit was hit
# Possible solutions:
#   Reduce memory load on the system
#   Increase physical memory or swap space
#   Check if swap backing store is full
#   Use 64 bit Java on a 64 bit OS
#   Decrease Java heap size (-Xmx/-Xms)
#   Decrease number of Java threads
#   Decrease Java thread stack sizes (-Xss)
#   Set larger code cache with -XX:ReservedCodeCacheSize=
# This output file may be truncated or incomplete.
#
#  Out of Memory Error (allocation.cpp:390), pid=6844, tid=0x00000000000035a4
#
# JRE version: Java(TM) SE Runtime Environment (8.0_121-b13) (build 1.8.0_121-b13)
# Java VM: Java HotSpot(TM) 64-Bit Server VM (25.121-b13 mixed mode windows-amd64 compressed oops)
# Failed to write core dump. Minidumps are not enabled by default on client versions of Windows
#

---------------  T H R E A D  ---------------

Current thread (0x000000001b8e7000):  JavaThread "C2 CompilerThread0" daemon [_thread_in_native, id=13732, stack(0x000000001bfb0000,0x000000001c0b0000)]

Stack: [0x000000001bfb0000,0x000000001c0b0000]
[error occurred during error reporting (printing stack bounds), id 0xc0000005]

Native frames: (J=compiled Java code, j=interpreted, Vv=VM code, C=native code)


Current CompileTask:
C2:   4977 3409       4       java.net.URLClassLoader$1::run (5 bytes)


---------------  P R O C E S S  ---------------

Java Threads: ( => current thread )
  0x000000001b973000 JavaThread "Service Thread" daemon [_thread_blocked, id=4092, stack(0x000000001c2b0000,0x000000001c3b0000)]
  0x000000001b8ed000 JavaThread "C1 CompilerThread2" daemon [_thread_blocked, id=18152, stack(0x000000001c1b0000,0x000000001c2b0000)]
  0x000000001b8e8000 JavaThread "C2 CompilerThread1" daemon [_thread_in_native, id=16404, stack(0x000000001c0b0000,0x000000001c1b0000)]
=>0x000000001b8e7000 JavaThread "C2 CompilerThread0" daemon [_thread_in_native, id=13732, stack(0x000000001bfb0000,0x000000001c0b0000)]
  0x000000001a5ae000 JavaThread "Monitor Ctrl-Break" daemon [_thread_in_native, id=18228, stack(0x000000001beb0000,0x000000001bfb0000)]
  0x000000001a560000 JavaThread "Attach Listener" daemon [_thread_blocked, id=10540, stack(0x000000001bdb0000,0x000000001beb0000)]
  0x000000001b8c0800 JavaThread "Signal Dispatcher" daemon [_thread_blocked, id=13228, stack(0x000000001bcb0000,0x000000001bdb0000)]
  0x000000001a53e800 JavaThread "Finalizer" daemon [_thread_blocked, id=14264, stack(0x000000001b7b0000,0x000000001b8b0000)]
  0x00000000034d3000 JavaThread "Reference Handler" daemon [_thread_blocked, id=9548, stack(0x000000001b6b0000,0x000000001b7b0000)]
  0x00000000015ae800 JavaThread "main" [_thread_in_vm, id=16652, stack(0x0000000003100000,0x0000000003200000)]

Other Threads:
  0x000000001a517800 VMThread [stack: 0x000000001b5b0000,0x000000001b6b0000] [id=11492]
  0x000000001b9af000 WatcherThread [stack: 0x000000001c3b0000,0x000000001c4b0000] [id=8044]

VM state:not at safepoint (normal execution)

VM Mutex/Monitor currently owned by a thread: None

Heap:
 PSYoungGen      total 57344K, used 46385K [0x0000000780a00000, 0x0000000784a00000, 0x00000007c0000000)
  eden space 49152K, 77% used [0x0000000780a00000,0x0000000782f54600,0x0000000783a00000)
  from space 8192K, 99% used [0x0000000784200000,0x00000007849f8030,0x0000000784a00000)
  to   space 8192K, 0% used [0x0000000783a00000,0x0000000783a00000,0x0000000784200000)
 ParOldGen       total 131072K, used 5747K [0x0000000701e00000, 0x0000000709e00000, 0x0000000780a00000)
  object space 131072K, 4% used [0x0000000701e00000,0x000000070239cff8,0x0000000709e00000)
 Metaspace       used 19417K, capacity 19964K, committed 20224K, reserved 1067008K
  class space    used 2289K, capacity 2462K, committed 2560K, reserved 1048576K

Card table byte_map: [0x00000000128a0000,0x0000000012ea0000] byte_map_base: 0x000000000f091000

Marking Bits: (ParMarkBitMap*) 0x000000005624b6d0
 Begin Bits: [0x00000000136a0000, 0x0000000016628000)
 End Bits:   [0x0000000016628000, 0x00000000195b0000)

Polling page: 0x0000000000df0000

CodeCache: size=245760Kb used=11898Kb max_used=11898Kb free=233861Kb
 bounds [0x00000000034e0000, 0x0000000004090000, 0x00000000124e0000]
 total_blobs=3815 nmethods=3436 adapters=291
 compilation: enabled

Compilation events (10 events):
Event: 4.910 Thread 0x000000001b8ed000 nmethod 3462 0x0000000004077090 code [0x0000000004077200, 0x0000000004077528]
Event: 4.910 Thread 0x000000001b8ed000 3463       3       org.codehaus.plexus.util.introspection.ClassMap::getPublicMethod (29 bytes)
Event: 4.911 Thread 0x000000001b8ed000 nmethod 3463 0x0000000004077610 code [0x00000000040777c0, 0x0000000004077e08]
Event: 4.911 Thread 0x000000001b8ed000 3464       3       org.apache.maven.artifact.DefaultArtifact::hashCode (88 bytes)
Event: 4.911 Thread 0x000000001b8ed000 nmethod 3464 0x0000000004077fd0 code [0x0000000004078180, 0x0000000004078788]
Event: 4.911 Thread 0x000000001b8ed000 3465       3       java.lang.CharacterDataLatin1::isJavaIdentifierPart (20 bytes)
Event: 4.911 Thread 0x000000001b8ed000 nmethod 3465 0x0000000004078950 code [0x0000000004078ac0, 0x0000000004078d10]
Event: 4.911 Thread 0x000000001b8ed000 3466       3       java.lang.Class::privateGetPublicMethods (267 bytes)
Event: 4.914 Thread 0x000000001b8ed000 nmethod 3466 0x0000000004078e50 code [0x0000000004079240, 0x000000000407b008]
Event: 4.914 Thread 0x000000001b8ed000 3467       3       org.eclipse.sisu.bean.DeclaredMembers$View$3::members (5 bytes)

GC Heap History (8 events):
Event: 1.734 GC heap before
{Heap before GC invocations=1 (full 0):
 PSYoungGen      total 57344K, used 49152K [0x0000000780a00000, 0x0000000784a00000, 0x00000007c0000000)
  eden space 49152K, 100% used [0x0000000780a00000,0x0000000783a00000,0x0000000783a00000)
  from space 8192K, 0% used [0x0000000784200000,0x0000000784200000,0x0000000784a00000)
  to   space 8192K, 0% used [0x0000000783a00000,0x0000000783a00000,0x0000000784200000)
 ParOldGen       total 131072K, used 0K [0x0000000701e00000, 0x0000000709e00000, 0x0000000780a00000)
  object space 131072K, 0% used [0x0000000701e00000,0x0000000701e00000,0x0000000709e00000)
 Metaspace       used 9846K, capacity 10054K, committed 10240K, reserved 1058816K
  class space    used 1195K, capacity 1245K, committed 1280K, reserved 1048576K
Event: 1.741 GC heap after
Heap after GC invocations=1 (full 0):
 PSYoungGen      total 57344K, used 7108K [0x0000000780a00000, 0x0000000784a00000, 0x00000007c0000000)
  eden space 49152K, 0% used [0x0000000780a00000,0x0000000780a00000,0x0000000783a00000)
  from space 8192K, 86% used [0x0000000783a00000,0x00000007840f1120,0x0000000784200000)
  to   space 8192K, 0% used [0x0000000784200000,0x0000000784200000,0x0000000784a00000)
 ParOldGen       total 131072K, used 16K [0x0000000701e00000, 0x0000000709e00000, 0x0000000780a00000)
  object space 131072K, 0% used [0x0000000701e00000,0x0000000701e04000,0x0000000709e00000)
 Metaspace       used 9846K, capacity 10054K, committed 10240K, reserved 1058816K
  class space    used 1195K, capacity 1245K, committed 1280K, reserved 1048576K
}
Event: 2.580 GC heap before
{Heap before GC invocations=2 (full 0):
 PSYoungGen      total 57344K, used 56260K [0x0000000780a00000, 0x0000000784a00000, 0x00000007c0000000)
  eden space 49152K, 100% used [0x0000000780a00000,0x0000000783a00000,0x0000000783a00000)
  from space 8192K, 86% used [0x0000000783a00000,0x00000007840f1120,0x0000000784200000)
  to   space 8192K, 0% used [0x0000000784200000,0x0000000784200000,0x0000000784a00000)
 ParOldGen       total 131072K, used 16K [0x0000000701e00000, 0x0000000709e00000, 0x0000000780a00000)
  object space 131072K, 0% used [0x0000000701e00000,0x0000000701e04000,0x0000000709e00000)
 Metaspace       used 15537K, capacity 15822K, committed 16128K, reserved 1062912K
  class space    used 1902K, capacity 2003K, committed 2048K, reserved 1048576K
Event: 2.595 GC heap after
Heap after GC invocations=2 (full 0):
 PSYoungGen      total 57344K, used 8176K [0x0000000780a00000, 0x0000000784a00000, 0x00000007c0000000)
  eden space 49152K, 0% used [0x0000000780a00000,0x0000000780a00000,0x0000000783a00000)
  from space 8192K, 99% used [0x0000000784200000,0x00000007849fc140,0x0000000784a00000)
  to   space 8192K, 0% used [0x0000000783a00000,0x0000000783a00000,0x0000000784200000)
 ParOldGen       total 131072K, used 1504K [0x0000000701e00000, 0x0000000709e00000, 0x0000000780a00000)
  object space 131072K, 1% used [0x0000000701e00000,0x0000000701f781b8,0x0000000709e00000)
 Metaspace       used 15537K, capacity 15822K, committed 16128K, reserved 1062912K
  class space    used 1902K, capacity 2003K, committed 2048K, reserved 1048576K
}
Event: 3.626 GC heap before
{Heap before GC invocations=3 (full 0):
 PSYoungGen      total 57344K, used 57328K [0x0000000780a00000, 0x0000000784a00000, 0x00000007c0000000)
  eden space 49152K, 100% used [0x0000000780a00000,0x0000000783a00000,0x0000000783a00000)
  from space 8192K, 99% used [0x0000000784200000,0x00000007849fc140,0x0000000784a00000)
  to   space 8192K, 0% used [0x0000000783a00000,0x0000000783a00000,0x0000000784200000)
 ParOldGen       total 131072K, used 1504K [0x0000000701e00000, 0x0000000709e00000, 0x0000000780a00000)
  object space 131072K, 1% used [0x0000000701e00000,0x0000000701f781b8,0x0000000709e00000)
 Metaspace       used 16339K, capacity 16618K, committed 16896K, reserved 1064960K
  class space    used 1954K, capacity 2045K, committed 2048K, reserved 1048576K
Event: 3.639 GC heap after
Heap after GC invocations=3 (full 0):
 PSYoungGen      total 57344K, used 8160K [0x0000000780a00000, 0x0000000784a00000, 0x00000007c0000000)
  eden space 49152K, 0% used [0x0000000780a00000,0x0000000780a00000,0x0000000783a00000)
  from space 8192K, 99% used [0x0000000783a00000,0x00000007841f8050,0x0000000784200000)
  to   space 8192K, 0% used [0x0000000784200000,0x0000000784200000,0x0000000784a00000)
 ParOldGen       total 131072K, used 2531K [0x0000000701e00000, 0x0000000709e00000, 0x0000000780a00000)
  object space 131072K, 1% used [0x0000000701e00000,0x0000000702078dc8,0x0000000709e00000)
 Metaspace       used 16339K, capacity 16618K, committed 16896K, reserved 1064960K
  class space    used 1954K, capacity 2045K, committed 2048K, reserved 1048576K
}
Event: 4.409 GC heap before
{Heap before GC invocations=4 (full 0):
 PSYoungGen      total 57344K, used 57312K [0x0000000780a00000, 0x0000000784a00000, 0x00000007c0000000)
  eden space 49152K, 100% used [0x0000000780a00000,0x0000000783a00000,0x0000000783a00000)
  from space 8192K, 99% used [0x0000000783a00000,0x00000007841f8050,0x0000000784200000)
  to   space 8192K, 0% used [0x0000000784200000,0x0000000784200000,0x0000000784a00000)
 ParOldGen       total 131072K, used 2531K [0x0000000701e00000, 0x0000000709e00000, 0x0000000780a00000)
  object space 131072K, 1% used [0x0000000701e00000,0x0000000702078dc8,0x0000000709e00000)
 Metaspace       used 17685K, capacity 18104K, committed 18304K, reserved 1064960K
  class space    used 2069K, capacity 2158K, committed 2176K, reserved 1048576K
Event: 4.425 GC heap after
Heap after GC invocations=4 (full 0):
 PSYoungGen      total 57344K, used 8160K [0x0000000780a00000, 0x0000000784a00000, 0x00000007c0000000)
  eden space 49152K, 0% used [0x0000000780a00000,0x0000000780a00000,0x0000000783a00000)
  from space 8192K, 99% used [0x0000000784200000,0x00000007849f8030,0x0000000784a00000)
  to   space 8192K, 0% used [0x0000000783a00000,0x0000000783a00000,0x0000000784200000)
 ParOldGen       total 131072K, used 5747K [0x0000000701e00000, 0x0000000709e00000, 0x0000000780a00000)
  object space 131072K, 4% used [0x0000000701e00000,0x000000070239cff8,0x0000000709e00000)
 Metaspace       used 17685K, capacity 18104K, committed 18304K, reserved 1064960K
  class space    used 2069K, capacity 2158K, committed 2176K, reserved 1048576K
}

Deoptimization events (10 events):
Event: 3.832 Thread 0x00000000015ae800 Uncommon trap: reason=bimorphic action=maybe_recompile pc=0x0000000003a7efc0 method=java.util.regex.Pattern$CharProperty.match(Ljava/util/regex/Matcher;ILjava/lang/CharSequence;)Z @ 37
Event: 4.031 Thread 0x00000000015ae800 Uncommon trap: reason=bimorphic action=maybe_recompile pc=0x0000000003c01a14 method=java.util.concurrent.ConcurrentHashMap.get(Ljava/lang/Object;)Ljava/lang/Object; @ 149
Event: 4.033 Thread 0x00000000015ae800 Uncommon trap: reason=bimorphic action=maybe_recompile pc=0x0000000003c01a14 method=java.util.concurrent.ConcurrentHashMap.get(Ljava/lang/Object;)Ljava/lang/Object; @ 149
Event: 4.194 Thread 0x00000000015ae800 Uncommon trap: reason=unstable_if action=reinterpret pc=0x0000000003dded20 method=org.eclipse.sisu.plexus.RealmFilteredBeans$FilteredItr.hasNext()Z @ 44
Event: 4.249 Thread 0x00000000015ae800 Uncommon trap: reason=bimorphic action=maybe_recompile pc=0x0000000003a7efc0 method=java.util.regex.Pattern$CharProperty.match(Ljava/util/regex/Matcher;ILjava/lang/CharSequence;)Z @ 37
Event: 4.301 Thread 0x00000000015ae800 Uncommon trap: reason=unstable_if action=reinterpret pc=0x0000000003dee50c method=java.util.HashMap$HashIterator.<init>(Ljava/util/HashMap;)V @ 45
Event: 4.706 Thread 0x00000000015ae800 Uncommon trap: reason=unstable_if action=reinterpret pc=0x000000000400bc6c method=java.util.jar.Manifest$FastInputStream.readLine([BII)I @ 87
Event: 4.759 Thread 0x00000000015ae800 Uncommon trap: reason=unstable_if action=reinterpret pc=0x0000000004022970 method=org.codehaus.plexus.classworlds.realm.Entry.matches(Ljava/lang/String;)Z @ 165
Event: 4.883 Thread 0x00000000015ae800 Uncommon trap: reason=bimorphic action=maybe_recompile pc=0x0000000003a7efc0 method=java.util.regex.Pattern$CharProperty.match(Ljava/util/regex/Matcher;ILjava/lang/CharSequence;)Z @ 37
Event: 4.903 Thread 0x00000000015ae800 Uncommon trap: reason=unstable_if action=reinterpret pc=0x000000000405d6b4 method=org.codehaus.plexus.classworlds.realm.Entry.matches(Ljava/lang/String;)Z @ 20

Internal exceptions (10 events):
Event: 2.168 Thread 0x00000000015ae800 Exception <a 'java/lang/NoClassDefFoundError': com/google/inject/servlet/ServletModuleTargetVisitor> (0x00000007828fe618) thrown at [C:\re\workspace\8-2-build-windows-amd64-cygwin\jdk8u121\8372\hotspot\src\share\vm\classfile\systemDictionary.cpp, line 199
Event: 2.168 Thread 0x00000000015ae800 Exception <a 'java/lang/NoClassDefFoundError'> (0x00000007828fe618) thrown at [C:\re\workspace\8-2-build-windows-amd64-cygwin\jdk8u121\8372\hotspot\src\share\vm\prims\jvm.cpp, line 1394]
Event: 2.168 Thread 0x00000000015ae800 Exception <a 'java/lang/NoClassDefFoundError': javax/annotation/Priority> (0x00000007829030d8) thrown at [C:\re\workspace\8-2-build-windows-amd64-cygwin\jdk8u121\8372\hotspot\src\share\vm\classfile\systemDictionary.cpp, line 199]
Event: 2.283 Thread 0x00000000015ae800 Implicit null exception at 0x000000000367fa99 to 0x000000000367fc8d
Event: 2.407 Thread 0x00000000015ae800 Implicit null exception at 0x00000000036f6f96 to 0x00000000036f7345
Event: 2.407 Thread 0x00000000015ae800 Implicit null exception at 0x00000000036c2c16 to 0x00000000036c2fbd
Event: 2.646 Thread 0x00000000015ae800 Implicit null exception at 0x00000000038d37d5 to 0x00000000038d39d9
Event: 2.646 Thread 0x00000000015ae800 Implicit null exception at 0x0000000003857cef to 0x0000000003857d59
Event: 2.739 Thread 0x00000000015ae800 Implicit null exception at 0x0000000003989a1b to 0x0000000003989ea5
Event: 3.013 Thread 0x00000000015ae800 Implicit null exception at 0x0000000003bd0480 to 0x0000000003bd16dd

Events (10 events):
Event: 4.910 loading class org/apache/maven/plugin/lifecycle/Lifecycle
Event: 4.910 loading class org/apache/maven/plugin/lifecycle/Lifecycle done
Event: 4.912 loading class sun/net/www/protocol/http/Handler
Event: 4.912 loading class sun/net/www/protocol/http/Handler done
Event: 4.912 Executing VM operation: Deoptimize
Event: 4.912 Executing VM operation: Deoptimize done
Event: 4.913 loading class java/text/MessageFormat$Field
Event: 4.913 loading class java/text/MessageFormat$Field done
Event: 4.914 Thread 0x000000001b8ed000 flushing nmethod 0x0000000003653e50
Event: 4.914 loading class org/codehaus/plexus/util/FileUtils


Dynamic libraries:
0x00007ff718e80000 - 0x00007ff718eb7000 	D:\downloadapp\java8\jdk\bin\java.exe
0x00007ff82b380000 - 0x00007ff82b570000 	C:\WINDOWS\SYSTEM32\ntdll.dll
0x00007ff82b210000 - 0x00007ff82b2c2000 	C:\WINDOWS\System32\KERNEL32.DLL
0x00007ff8284c0000 - 0x00007ff828763000 	C:\WINDOWS\System32\KERNELBASE.dll
0x00007ff82b0f0000 - 0x00007ff82b193000 	C:\WINDOWS\System32\ADVAPI32.dll
0x00007ff82a380000 - 0x00007ff82a41e000 	C:\WINDOWS\System32\msvcrt.dll
0x00007ff829ba0000 - 0x00007ff829c37000 	C:\WINDOWS\System32\sechost.dll
0x00007ff82afd0000 - 0x00007ff82b0f0000 	C:\WINDOWS\System32\RPCRT4.dll
0x00007ff829df0000 - 0x00007ff829f84000 	C:\WINDOWS\System32\USER32.dll
0x00007ff828390000 - 0x00007ff8283b1000 	C:\WINDOWS\System32\win32u.dll
0x00007ff82a5b0000 - 0x00007ff82a5d6000 	C:\WINDOWS\System32\GDI32.dll
0x00007ff8289c0000 - 0x00007ff828b54000 	C:\WINDOWS\System32\gdi32full.dll
0x00007ff828770000 - 0x00007ff82880e000 	C:\WINDOWS\System32\msvcp_win.dll
0x00007ff8283c0000 - 0x00007ff8284ba000 	C:\WINDOWS\System32\ucrtbase.dll
0x00007ff81b700000 - 0x00007ff81b985000 	C:\WINDOWS\WinSxS\amd64_microsoft.windows.common-controls_6595b64144ccf1df_6.0.18362.418_none_e6c6b287130d565d\COMCTL32.dll
0x00007ff82a040000 - 0x00007ff82a376000 	C:\WINDOWS\System32\combase.dll
0x00007ff828310000 - 0x00007ff828390000 	C:\WINDOWS\System32\bcryptPrimitives.dll
0x00007ff82a880000 - 0x00007ff82a8ae000 	C:\WINDOWS\System32\IMM32.DLL
0x0000000056c40000 - 0x0000000056d12000 	D:\downloadapp\java8\jdk\jre\bin\msvcr100.dll
0x0000000055a30000 - 0x00000000562cb000 	D:\downloadapp\java8\jdk\jre\bin\server\jvm.dll
0x00007ff82ad20000 - 0x00007ff82ad28000 	C:\WINDOWS\System32\PSAPI.DLL
0x00007ff824840000 - 0x00007ff824864000 	C:\WINDOWS\SYSTEM32\WINMM.dll
0x00007ff813680000 - 0x00007ff813689000 	C:\WINDOWS\SYSTEM32\WSOCK32.dll
0x00007ff81bd40000 - 0x00007ff81bd4a000 	C:\WINDOWS\SYSTEM32\VERSION.dll
0x00007ff82b2d0000 - 0x00007ff82b33f000 	C:\WINDOWS\System32\WS2_32.dll
0x00007ff824800000 - 0x00007ff82482d000 	C:\WINDOWS\SYSTEM32\WINMMBASE.dll
0x00007ff828b60000 - 0x00007ff828baa000 	C:\WINDOWS\System32\cfgmgr32.dll
0x0000000056c30000 - 0x0000000056c3f000 	D:\downloadapp\java8\jdk\jre\bin\verify.dll
0x0000000056c00000 - 0x0000000056c29000 	D:\downloadapp\java8\jdk\jre\bin\java.dll
0x0000000056bd0000 - 0x0000000056bf3000 	D:\downloadapp\java8\jdk\jre\bin\instrument.dll
0x0000000056bb0000 - 0x0000000056bc6000 	D:\downloadapp\java8\jdk\jre\bin\zip.dll
0x00007ff829430000 - 0x00007ff829b15000 	C:\WINDOWS\System32\SHELL32.dll
0x00007ff82a420000 - 0x00007ff82a4c9000 	C:\WINDOWS\System32\shcore.dll
0x00007ff828cb0000 - 0x00007ff82942f000 	C:\WINDOWS\System32\windows.storage.dll
0x00007ff8282f0000 - 0x00007ff82830f000 	C:\WINDOWS\System32\profapi.dll
0x00007ff8282a0000 - 0x00007ff8282ea000 	C:\WINDOWS\System32\powrprof.dll
0x00007ff828250000 - 0x00007ff828260000 	C:\WINDOWS\System32\UMPDC.dll
0x00007ff82a730000 - 0x00007ff82a782000 	C:\WINDOWS\System32\shlwapi.dll
0x00007ff828280000 - 0x00007ff828291000 	C:\WINDOWS\System32\kernel.appcore.dll
0x00007ff828bb0000 - 0x00007ff828bc7000 	C:\WINDOWS\System32\cryptsp.dll
0x00007ff824b20000 - 0x00007ff824b3a000 	D:\downloadapp\IDEA\bin\breakgen64.dll
0x0000000056b90000 - 0x0000000056baa000 	D:\downloadapp\java8\jdk\jre\bin\net.dll
0x00007ff827ac0000 - 0x00007ff827b27000 	C:\WINDOWS\system32\mswsock.dll
0x00007ff827630000 - 0x00007ff827663000 	C:\WINDOWS\system32\rsaenh.dll
0x00007ff828bd0000 - 0x00007ff828bf6000 	C:\WINDOWS\System32\bcrypt.dll
0x00007ff828170000 - 0x00007ff828195000 	C:\WINDOWS\SYSTEM32\USERENV.dll
0x00007ff827c90000 - 0x00007ff827c9c000 	C:\WINDOWS\SYSTEM32\CRYPTBASE.dll
0x00007ff8277d0000 - 0x00007ff82780a000 	C:\WINDOWS\SYSTEM32\IPHLPAPI.DLL
0x00007ff82a7f0000 - 0x00007ff82a7f8000 	C:\WINDOWS\System32\NSI.dll
0x00007ff820ac0000 - 0x00007ff820ad6000 	C:\WINDOWS\SYSTEM32\dhcpcsvc6.DLL
0x00007ff820aa0000 - 0x00007ff820abc000 	C:\WINDOWS\SYSTEM32\dhcpcsvc.DLL
0x00007ff827820000 - 0x00007ff8278ea000 	C:\WINDOWS\SYSTEM32\DNSAPI.dll
0x0000000056b70000 - 0x0000000056b81000 	D:\downloadapp\java8\jdk\jre\bin\nio.dll
0x00007ff824990000 - 0x00007ff82499a000 	C:\Users\Lenovo\AppData\Local\Temp\jansi-1.16-5791862067355984136.dll
0x00007ff821220000 - 0x00007ff82122a000 	C:\Users\Lenovo\AppData\Local\Temp\jansi-1.16-469917683554566340.dll

VM Arguments:
jvm_args: -Dmaven.multiModuleProjectDirectory=D:\Jessica(note)\Marie(2019)\programming\黑马java全套\16项目大全\03品优购电商\代码\day-10\pinyougou-parent1\pinyougou-manager-web -DarchetypeCatalog=internal -Dmaven.home=D:\downloadapp\maven\apache-maven-3.5.2 -Dclassworlds.conf=D:\downloadapp\maven\apache-maven-3.5.2\bin\m2.conf -javaagent:D:\downloadapp\IDEA\lib\idea_rt.jar=49849:D:\downloadapp\IDEA\bin -Dfile.encoding=UTF-8 
java_command: org.codehaus.classworlds.Launcher -Didea.version=2017.2.7 -s D:\downloadapp\maven\apache-maven-3.5.2\conf\settings.xml -Dmaven.repo.local=D:\MavenRepository\maven_repository org.apache.tomcat.maven:tomcat7-maven-plugin:2.2:run
java_class_path (initial): D:\downloadapp\maven\apache-maven-3.5.2\boot\plexus-classworlds-2.5.2.jar;D:\downloadapp\IDEA\lib\idea_rt.jar
Launcher Type: SUN_STANDARD

Environment Variables:
JAVA_HOME=D:\downloadapp\java8\jdk
CLASSPATH=.;D:\downloadapp\java8\jdk\lib;D:\downloadapp\java8\jdk\lib\tools.jar
PATH=D:\downloadapp\OracleInstallWorkplace\product\11.2.0\dbhome_1\bin;D:\downloadapp\xftp\;D:\downloadapp\xshell\;C:\ProgramData\Oracle\Java\javapath;C:\WINDOWS\system32;C:\WINDOWS;C:\WINDOWS\System32\Wbem;C:\WINDOWS\System32\WindowsPowerShell\v1.0\;D:\downloadapp\python;D:\downloadapp\mongodb\bin;C:\WINDOWS\System32\OpenSSH\;D:\nodejs\node_modules\node_global;D:\downloadapp\mysql\bin;D:\downloadapp\git\Git\cmd;D:\downloadapp\nodev12\;D:\downloadapp\maven\apache-maven-3.5.2\bin;D:\downloadapp\crt\;D:\downloadapp\visualSVN\bin;D:\downloadapp\tortoiseSVN\bin;D:\downloadapp\TortoiseGit\bin;D:\downloadapp\mysql-5.6.17-winx64\bin;C:\Users\Lenovo\AppData\Local\Microsoft\WindowsApps;D:\downloadapp\vscode\Microsoft VS Code\bin;D:\downloadapp\java8\jdk\bin;D:\downloadapp\maven\apache-maven-3.2.2\bin;C:\Users\Lenovo\AppData\Roaming\npm;
USERNAME=Lenovo
OS=Windows_NT
PROCESSOR_IDENTIFIER=Intel64 Family 6 Model 142 Stepping 9, GenuineIntel



---------------  S Y S T E M  ---------------

OS: Windows 10.0 , 64 bit Build 18362 (10.0.18362.329)

CPU:total 4 (2 cores per cpu, 2 threads per core) family 6 model 142 stepping 9, cmov, cx8, fxsr, mmx, sse, sse2, sse3, ssse3, sse4.1, sse4.2, popcnt, avx, avx2, aes, clmul, erms, 3dnowpref, lzcnt, ht, tsc, tscinvbit, bmi1, bmi2, adx

Memory: 4k page, physical 12454628k(3024280k free), swap 27792480k(5176k free)

vm_info: Java HotSpot(TM) 64-Bit Server VM (25.121-b13) for windows-amd64 JRE (1.8.0_121-b13), built on Dec 12 2016 18:21:36 by "java_re" with MS VC++ 10.0 (VS2010)

time: Thu Dec 05 13:48:23 2019
elapsed time: 4 seconds (0d 0h 0m 4s)

