#
# There is insufficient memory for the Java Runtime Environment to continue.
# Native memory allocation (malloc) failed to allocate 762496 bytes for Chunk::new
# Possible reasons:
#   The system is out of physical RAM or swap space
#   In 32 bit mode, the process size limit was hit
# Possible solutions:
#   Reduce memory load on the system
#   Increase physical memory or swap space
#   Check if swap backing store is full
#   Use 64 bit Java on a 64 bit OS
#   Decrease Java heap size (-Xmx/-Xms)
#   Decrease number of Java threads
#   Decrease Java thread stack sizes (-Xss)
#   Set larger code cache with -XX:ReservedCodeCacheSize=
# This output file may be truncated or incomplete.
#
#  Out of Memory Error (allocation.cpp:390), pid=18356, tid=0x0000000000001b7c
#
# JRE version: Java(TM) SE Runtime Environment (8.0_121-b13) (build 1.8.0_121-b13)
# Java VM: Java HotSpot(TM) 64-Bit Server VM (25.121-b13 mixed mode windows-amd64 compressed oops)
# Failed to write core dump. Minidumps are not enabled by default on client versions of Windows
#

---------------  T H R E A D  ---------------

Current thread (0x000000001bae7800):  JavaThread "C2 CompilerThread1" daemon [_thread_in_native, id=7036, stack(0x000000001c2b0000,0x000000001c3b0000)]

Stack: [0x000000001c2b0000,0x000000001c3b0000]
[error occurred during error reporting (printing stack bounds), id 0xc0000005]

Native frames: (J=compiled Java code, j=interpreted, Vv=VM code, C=native code)


Current CompileTask:
C2:   6632 4076       4       org.apache.catalina.startup.ContextConfig::populateJavaClassCache (79 bytes)


---------------  P R O C E S S  ---------------

Java Threads: ( => current thread )
  0x000000001d6f5800 JavaThread "localhost-startStop-1" daemon [_thread_in_native, id=16576, stack(0x0000000022560000,0x0000000022660000)]
  0x0000000021320800 JavaThread "Tomcat-startStop-1" daemon [_thread_blocked, id=7968, stack(0x0000000021d00000,0x0000000021e00000)]
  0x000000001bb78800 JavaThread "Service Thread" daemon [_thread_blocked, id=8172, stack(0x000000001c4b0000,0x000000001c5b0000)]
  0x000000001baec800 JavaThread "C1 CompilerThread2" daemon [_thread_blocked, id=7692, stack(0x000000001c3b0000,0x000000001c4b0000)]
=>0x000000001bae7800 JavaThread "C2 CompilerThread1" daemon [_thread_in_native, id=7036, stack(0x000000001c2b0000,0x000000001c3b0000)]
  0x000000001bae6800 JavaThread "C2 CompilerThread0" daemon [_thread_in_native, id=12480, stack(0x000000001c1b0000,0x000000001c2b0000)]
  0x000000001bae5000 JavaThread "Monitor Ctrl-Break" daemon [_thread_in_native, id=14788, stack(0x000000001c0b0000,0x000000001c1b0000)]
  0x000000001a74e800 JavaThread "Attach Listener" daemon [_thread_blocked, id=12748, stack(0x000000001bfb0000,0x000000001c0b0000)]
  0x000000001bab8800 JavaThread "Signal Dispatcher" daemon [_thread_blocked, id=15940, stack(0x000000001beb0000,0x000000001bfb0000)]
  0x000000001a72a800 JavaThread "Finalizer" daemon [_thread_blocked, id=10840, stack(0x000000001b9b0000,0x000000001bab0000)]
  0x00000000036c1000 JavaThread "Reference Handler" daemon [_thread_blocked, id=14056, stack(0x000000001b8b0000,0x000000001b9b0000)]
  0x000000000344e800 JavaThread "main" [_thread_blocked, id=16172, stack(0x0000000003280000,0x0000000003380000)]

Other Threads:
  0x000000001a708000 VMThread [stack: 0x000000001b7b0000,0x000000001b8b0000] [id=17732]
  0x000000001bbcf000 WatcherThread [stack: 0x000000001c5b0000,0x000000001c6b0000] [id=14864]

VM state:not at safepoint (normal execution)

VM Mutex/Monitor currently owned by a thread: None

Heap:
 PSYoungGen      total 162816K, used 66744K [0x0000000780a00000, 0x000000078e600000, 0x00000007c0000000)
  eden space 145920K, 34% used [0x0000000780a00000,0x0000000783ab52b0,0x0000000789880000)
  from space 16896K, 99% used [0x000000078c500000,0x000000078d578df8,0x000000078d580000)
  to   space 14336K, 0% used [0x000000078d800000,0x000000078d800000,0x000000078e600000)
 ParOldGen       total 95744K, used 27148K [0x0000000701e00000, 0x0000000707b80000, 0x0000000780a00000)
  object space 95744K, 28% used [0x0000000701e00000,0x0000000703883210,0x0000000707b80000)
 Metaspace       used 24047K, capacity 24584K, committed 24832K, reserved 1071104K
  class space    used 2809K, capacity 2997K, committed 3072K, reserved 1048576K

Card table byte_map: [0x0000000012a90000,0x0000000013090000] byte_map_base: 0x000000000f281000

Marking Bits: (ParMarkBitMap*) 0x000000005624b6d0
 Begin Bits: [0x0000000013890000, 0x0000000016818000)
 End Bits:   [0x0000000016818000, 0x00000000197a0000)

Polling page: 0x0000000000de0000

CodeCache: size=245760Kb used=12203Kb max_used=13291Kb free=233556Kb
 bounds [0x00000000036d0000, 0x0000000004410000, 0x00000000126d0000]
 total_blobs=3956 nmethods=3549 adapters=319
 compilation: enabled

Compilation events (10 events):
Event: 6.468 Thread 0x000000001bae7800 nmethod 4071 0x0000000003d3b610 code [0x0000000003d3b760, 0x0000000003d3ba58]
Event: 6.561 Thread 0x000000001bae7800 4074       4       org.apache.tomcat.util.bcel.classfile.ClassParser::readInterfaces (42 bytes)
Event: 6.564 Thread 0x000000001bae7800 nmethod 4074 0x00000000039ad950 code [0x00000000039adac0, 0x00000000039adcd8]
Event: 6.564 Thread 0x000000001bae7800 4075       4       org.apache.tomcat.util.bcel.classfile.ClassParser::readAttributes (47 bytes)
Event: 6.567 Thread 0x000000001bae7800 nmethod 4075 0x0000000003c5b910 code [0x0000000003c5ba80, 0x0000000003c5bd18]
Event: 6.567 Thread 0x000000001bae7800 4076       4       org.apache.catalina.startup.ContextConfig::populateJavaClassCache (79 bytes)
Event: 6.568 Thread 0x000000001baec800 4077  s!   3       sun.net.www.protocol.file.Handler::openConnection (269 bytes)
Event: 6.570 Thread 0x000000001baec800 nmethod 4077 0x0000000003ecc150 code [0x0000000003ecc5e0, 0x0000000003ecf548]
Event: 6.613 Thread 0x000000001baec800 4079   !   3       org.apache.catalina.loader.WebappClassLoader::findLoadedResource (46 bytes)
Event: 6.614 Thread 0x000000001baec800 nmethod 4079 0x00000000037df890 code [0x00000000037dfa80, 0x00000000037e0408]

GC Heap History (10 events):
Event: 4.039 GC heap before
{Heap before GC invocations=4 (full 0):
 PSYoungGen      total 57344K, used 57328K [0x0000000780a00000, 0x0000000787a00000, 0x00000007c0000000)
  eden space 49152K, 100% used [0x0000000780a00000,0x0000000783a00000,0x0000000783a00000)
  from space 8192K, 99% used [0x0000000783a00000,0x00000007841fc040,0x0000000784200000)
  to   space 8192K, 0% used [0x0000000787200000,0x0000000787200000,0x0000000787a00000)
 ParOldGen       total 131072K, used 3063K [0x0000000701e00000, 0x0000000709e00000, 0x0000000780a00000)
  object space 131072K, 2% used [0x0000000701e00000,0x00000007020fdfe8,0x0000000709e00000)
 Metaspace       used 17693K, capacity 18136K, committed 18432K, reserved 1064960K
  class space    used 2074K, capacity 2190K, committed 2304K, reserved 1048576K
Event: 4.063 GC heap after
Heap after GC invocations=4 (full 0):
 PSYoungGen      total 106496K, used 8160K [0x0000000780a00000, 0x0000000787a00000, 0x00000007c0000000)
  eden space 98304K, 0% used [0x0000000780a00000,0x0000000780a00000,0x0000000786a00000)
  from space 8192K, 99% used [0x0000000787200000,0x00000007879f8030,0x0000000787a00000)
  to   space 8192K, 0% used [0x0000000786a00000,0x0000000786a00000,0x0000000787200000)
 ParOldGen       total 131072K, used 6500K [0x0000000701e00000, 0x0000000709e00000, 0x0000000780a00000)
  object space 131072K, 4% used [0x0000000701e00000,0x0000000702459398,0x0000000709e00000)
 Metaspace       used 17693K, capacity 18136K, committed 18432K, reserved 1064960K
  class space    used 2074K, capacity 2190K, committed 2304K, reserved 1048576K
}
Event: 4.646 GC heap before
{Heap before GC invocations=5 (full 0):
 PSYoungGen      total 106496K, used 53311K [0x0000000780a00000, 0x0000000787a00000, 0x00000007c0000000)
  eden space 98304K, 45% used [0x0000000780a00000,0x0000000783617c38,0x0000000786a00000)
  from space 8192K, 99% used [0x0000000787200000,0x00000007879f8030,0x0000000787a00000)
  to   space 8192K, 0% used [0x0000000786a00000,0x0000000786a00000,0x0000000787200000)
 ParOldGen       total 131072K, used 6500K [0x0000000701e00000, 0x0000000709e00000, 0x0000000780a00000)
  object space 131072K, 4% used [0x0000000701e00000,0x0000000702459398,0x0000000709e00000)
 Metaspace       used 20612K, capacity 21052K, committed 21296K, reserved 1069056K
  class space    used 2425K, capacity 2590K, committed 2688K, reserved 1048576K
Event: 4.662 GC heap after
Heap after GC invocations=5 (full 0):
 PSYoungGen      total 106496K, used 8160K [0x0000000780a00000, 0x000000078e600000, 0x00000007c0000000)
  eden space 98304K, 0% used [0x0000000780a00000,0x0000000780a00000,0x0000000786a00000)
  from space 8192K, 99% used [0x0000000786a00000,0x00000007871f8070,0x0000000787200000)
  to   space 14336K, 0% used [0x000000078d800000,0x000000078d800000,0x000000078e600000)
 ParOldGen       total 131072K, used 11006K [0x0000000701e00000, 0x0000000709e00000, 0x0000000780a00000)
  object space 131072K, 8% used [0x0000000701e00000,0x00000007028bf9b0,0x0000000709e00000)
 Metaspace       used 20612K, capacity 21052K, committed 21296K, reserved 1069056K
  class space    used 2425K, capacity 2590K, committed 2688K, reserved 1048576K
}
Event: 4.662 GC heap before
{Heap before GC invocations=6 (full 1):
 PSYoungGen      total 106496K, used 8160K [0x0000000780a00000, 0x000000078e600000, 0x00000007c0000000)
  eden space 98304K, 0% used [0x0000000780a00000,0x0000000780a00000,0x0000000786a00000)
  from space 8192K, 99% used [0x0000000786a00000,0x00000007871f8070,0x0000000787200000)
  to   space 14336K, 0% used [0x000000078d800000,0x000000078d800000,0x000000078e600000)
 ParOldGen       total 131072K, used 11006K [0x0000000701e00000, 0x0000000709e00000, 0x0000000780a00000)
  object space 131072K, 8% used [0x0000000701e00000,0x00000007028bf9b0,0x0000000709e00000)
 Metaspace       used 20612K, capacity 21052K, committed 21296K, reserved 1069056K
  class space    used 2425K, capacity 2590K, committed 2688K, reserved 1048576K
Event: 4.750 GC heap after
Heap after GC invocations=6 (full 1):
 PSYoungGen      total 106496K, used 0K [0x0000000780a00000, 0x000000078e600000, 0x00000007c0000000)
  eden space 98304K, 0% used [0x0000000780a00000,0x0000000780a00000,0x0000000786a00000)
  from space 8192K, 0% used [0x0000000786a00000,0x0000000786a00000,0x0000000787200000)
  to   space 14336K, 0% used [0x000000078d800000,0x000000078d800000,0x000000078e600000)
 ParOldGen       total 95744K, used 15986K [0x0000000701e00000, 0x0000000707b80000, 0x0000000780a00000)
  object space 95744K, 16% used [0x0000000701e00000,0x0000000702d9cb40,0x0000000707b80000)
 Metaspace       used 20612K, capacity 21052K, committed 21296K, reserved 1069056K
  class space    used 2425K, capacity 2590K, committed 2688K, reserved 1048576K
}
Event: 5.803 GC heap before
{Heap before GC invocations=7 (full 1):
 PSYoungGen      total 106496K, used 98304K [0x0000000780a00000, 0x000000078e600000, 0x00000007c0000000)
  eden space 98304K, 100% used [0x0000000780a00000,0x0000000786a00000,0x0000000786a00000)
  from space 8192K, 0% used [0x0000000786a00000,0x0000000786a00000,0x0000000787200000)
  to   space 14336K, 0% used [0x000000078d800000,0x000000078d800000,0x000000078e600000)
 ParOldGen       total 95744K, used 15986K [0x0000000701e00000, 0x0000000707b80000, 0x0000000780a00000)
  object space 95744K, 16% used [0x0000000701e00000,0x0000000702d9cb40,0x0000000707b80000)
 Metaspace       used 24027K, capacity 24576K, committed 24832K, reserved 1071104K
  class space    used 2808K, capacity 2997K, committed 3072K, reserved 1048576K
Event: 5.820 GC heap after
Heap after GC invocations=7 (full 1):
 PSYoungGen      total 160256K, used 14322K [0x0000000780a00000, 0x000000078e600000, 0x00000007c0000000)
  eden space 145920K, 0% used [0x0000000780a00000,0x0000000780a00000,0x0000000789880000)
  from space 14336K, 99% used [0x000000078d800000,0x000000078e5fcb68,0x000000078e600000)
  to   space 16896K, 0% used [0x000000078c500000,0x000000078c500000,0x000000078d580000)
 ParOldGen       total 95744K, used 17809K [0x0000000701e00000, 0x0000000707b80000, 0x0000000780a00000)
  object space 95744K, 18% used [0x0000000701e00000,0x0000000702f64660,0x0000000707b80000)
 Metaspace       used 24027K, capacity 24576K, committed 24832K, reserved 1071104K
  class space    used 2808K, capacity 2997K, committed 3072K, reserved 1048576K
}
Event: 6.408 GC heap before
{Heap before GC invocations=8 (full 1):
 PSYoungGen      total 160256K, used 160242K [0x0000000780a00000, 0x000000078e600000, 0x00000007c0000000)
  eden space 145920K, 100% used [0x0000000780a00000,0x0000000789880000,0x0000000789880000)
  from space 14336K, 99% used [0x000000078d800000,0x000000078e5fcb68,0x000000078e600000)
  to   space 16896K, 0% used [0x000000078c500000,0x000000078c500000,0x000000078d580000)
 ParOldGen       total 95744K, used 17809K [0x0000000701e00000, 0x0000000707b80000, 0x0000000780a00000)
  object space 95744K, 18% used [0x0000000701e00000,0x0000000702f64660,0x0000000707b80000)
 Metaspace       used 24047K, capacity 24584K, committed 24832K, reserved 1071104K
  class space    used 2809K, capacity 2997K, committed 3072K, reserved 1048576K
Event: 6.435 GC heap after
Heap after GC invocations=8 (full 1):
 PSYoungGen      total 162816K, used 16867K [0x0000000780a00000, 0x000000078e600000, 0x00000007c0000000)
  eden space 145920K, 0% used [0x0000000780a00000,0x0000000780a00000,0x0000000789880000)
  from space 16896K, 99% used [0x000000078c500000,0x000000078d578df8,0x000000078d580000)
  to   space 14336K, 0% used [0x000000078d800000,0x000000078d800000,0x000000078e600000)
 ParOldGen       total 95744K, used 27148K [0x0000000701e00000, 0x0000000707b80000, 0x0000000780a00000)
  object space 95744K, 28% used [0x0000000701e00000,0x0000000703883210,0x0000000707b80000)
 Metaspace       used 24047K, capacity 24584K, committed 24832K, reserved 1071104K
  class space    used 2809K, capacity 2997K, committed 3072K, reserved 1048576K
}

Deoptimization events (10 events):
Event: 5.128 Thread 0x000000001d6f5800 Uncommon trap: reason=class_check action=maybe_recompile pc=0x0000000004270940 method=java.util.zip.InflaterInputStream.read([BII)I @ 100
Event: 5.130 Thread 0x000000001d6f5800 Uncommon trap: reason=unstable_if action=reinterpret pc=0x000000000422cd58 method=java.util.jar.Attributes$Name.isDigit(C)Z @ 3
Event: 5.151 Thread 0x000000001d6f5800 Uncommon trap: reason=null_check action=make_not_entrant pc=0x00000000040a0834 method=java.net.URL.getURLStreamHandler(Ljava/lang/String;)Ljava/net/URLStreamHandler; @ 7
Event: 5.179 Thread 0x000000001d6f5800 Uncommon trap: reason=unstable_if action=reinterpret pc=0x0000000003e31708 method=java.nio.charset.CharsetDecoder.decode(Ljava/nio/ByteBuffer;Ljava/nio/CharBuffer;Z)Ljava/nio/charset/CoderResult; @ 1
Event: 5.223 Thread 0x000000001d6f5800 Uncommon trap: reason=class_check action=maybe_recompile pc=0x0000000003dbf754 method=java.util.Hashtable.addEntry(ILjava/lang/Object;Ljava/lang/Object;I)V @ 38
Event: 5.702 Thread 0x000000001d6f5800 Uncommon trap: reason=unstable_if action=reinterpret pc=0x0000000003c71970 method=java.util.HashMap.removeNode(ILjava/lang/Object;Ljava/lang/Object;ZZ)Ljava/util/HashMap$Node; @ 71
Event: 5.875 Thread 0x000000001d6f5800 Uncommon trap: reason=unloaded action=reinterpret pc=0x00000000043f6218 method=org.apache.tomcat.util.bcel.classfile.Attribute.readAttribute(Ljava/io/DataInputStream;Lorg/apache/tomcat/util/bcel/classfile/ConstantPool;)Lorg/apache/tomcat/util/bcel/classfi
Event: 6.128 Thread 0x000000001d6f5800 Uncommon trap: reason=unloaded action=reinterpret pc=0x0000000003ceb828 method=org.apache.tomcat.util.bcel.classfile.Attribute.readAttribute(Ljava/io/DataInputStream;Lorg/apache/tomcat/util/bcel/classfile/ConstantPool;)Lorg/apache/tomcat/util/bcel/classfi
Event: 6.352 Thread 0x000000001d6f5800 Uncommon trap: reason=unstable_if action=reinterpret pc=0x00000000038f05f8 method=org.apache.catalina.startup.ContextConfig.getSCIsForClass(Ljava/lang/String;)Ljava/util/Set; @ 62
Event: 6.401 Thread 0x000000001d6f5800 Uncommon trap: reason=unstable_if action=reinterpret pc=0x0000000003af09a8 method=org.codehaus.plexus.classworlds.realm.Entry.matches(Ljava/lang/String;)Z @ 209

Internal exceptions (10 events):
Event: 2.244 Thread 0x000000000344e800 Implicit null exception at 0x000000000386c259 to 0x000000000386c44d
Event: 2.343 Thread 0x000000000344e800 Implicit null exception at 0x0000000003947456 to 0x0000000003947805
Event: 2.343 Thread 0x000000000344e800 Implicit null exception at 0x00000000038b1bd4 to 0x00000000038b1fa9
Event: 2.554 Thread 0x000000000344e800 Implicit null exception at 0x0000000003ab8e55 to 0x0000000003ab9059
Event: 2.554 Thread 0x000000000344e800 Implicit null exception at 0x0000000003a438ef to 0x0000000003a43959
Event: 2.619 Thread 0x000000000344e800 Implicit null exception at 0x0000000003b6f21b to 0x0000000003b6f6c1
Event: 2.661 Thread 0x000000000344e800 Implicit null exception at 0x0000000003d5f83f to 0x0000000003d60911
Event: 3.856 Thread 0x000000000344e800 Implicit null exception at 0x000000000408f960 to 0x0000000004090cd9
Event: 4.493 Thread 0x000000000344e800 Exception <a 'java/io/FileNotFoundException'> (0x0000000782a64d38) thrown at [C:\re\workspace\8-2-build-windows-amd64-cygwin\jdk8u121\8372\hotspot\src\share\vm\prims\jni.cpp, line 709]
Event: 5.151 Thread 0x000000001d6f5800 Implicit null exception at 0x000000000409e3f8 to 0x00000000040a0825

Events (10 events):
Event: 6.436 Executing VM operation: BulkRevokeBias
Event: 6.437 Executing VM operation: BulkRevokeBias done
Event: 6.437 Executing VM operation: BulkRevokeBias
Event: 6.437 Executing VM operation: BulkRevokeBias done
Event: 6.437 Executing VM operation: RevokeBias
Event: 6.438 Executing VM operation: RevokeBias done
Event: 6.520 Executing VM operation: RevokeBias
Event: 6.520 Executing VM operation: RevokeBias done
Event: 6.566 Executing VM operation: RevokeBias
Event: 6.566 Executing VM operation: RevokeBias done


Dynamic libraries:
0x00007ff718e80000 - 0x00007ff718eb7000 	D:\downloadapp\java8\jdk\bin\java.exe
0x00007ff82b380000 - 0x00007ff82b570000 	C:\WINDOWS\SYSTEM32\ntdll.dll
0x00007ff82b210000 - 0x00007ff82b2c2000 	C:\WINDOWS\System32\KERNEL32.DLL
0x00007ff8284c0000 - 0x00007ff828763000 	C:\WINDOWS\System32\KERNELBASE.dll
0x00007ff82b0f0000 - 0x00007ff82b193000 	C:\WINDOWS\System32\ADVAPI32.dll
0x00007ff82a380000 - 0x00007ff82a41e000 	C:\WINDOWS\System32\msvcrt.dll
0x00007ff829ba0000 - 0x00007ff829c37000 	C:\WINDOWS\System32\sechost.dll
0x00007ff82afd0000 - 0x00007ff82b0f0000 	C:\WINDOWS\System32\RPCRT4.dll
0x00007ff829df0000 - 0x00007ff829f84000 	C:\WINDOWS\System32\USER32.dll
0x00007ff828390000 - 0x00007ff8283b1000 	C:\WINDOWS\System32\win32u.dll
0x00007ff82a5b0000 - 0x00007ff82a5d6000 	C:\WINDOWS\System32\GDI32.dll
0x00007ff8289c0000 - 0x00007ff828b54000 	C:\WINDOWS\System32\gdi32full.dll
0x00007ff828770000 - 0x00007ff82880e000 	C:\WINDOWS\System32\msvcp_win.dll
0x00007ff8283c0000 - 0x00007ff8284ba000 	C:\WINDOWS\System32\ucrtbase.dll
0x00007ff81b700000 - 0x00007ff81b985000 	C:\WINDOWS\WinSxS\amd64_microsoft.windows.common-controls_6595b64144ccf1df_6.0.18362.418_none_e6c6b287130d565d\COMCTL32.dll
0x00007ff82a040000 - 0x00007ff82a376000 	C:\WINDOWS\System32\combase.dll
0x00007ff828310000 - 0x00007ff828390000 	C:\WINDOWS\System32\bcryptPrimitives.dll
0x00007ff82a880000 - 0x00007ff82a8ae000 	C:\WINDOWS\System32\IMM32.DLL
0x0000000056c40000 - 0x0000000056d12000 	D:\downloadapp\java8\jdk\jre\bin\msvcr100.dll
0x0000000055a30000 - 0x00000000562cb000 	D:\downloadapp\java8\jdk\jre\bin\server\jvm.dll
0x00007ff82ad20000 - 0x00007ff82ad28000 	C:\WINDOWS\System32\PSAPI.DLL
0x00007ff824840000 - 0x00007ff824864000 	C:\WINDOWS\SYSTEM32\WINMM.dll
0x00007ff813680000 - 0x00007ff813689000 	C:\WINDOWS\SYSTEM32\WSOCK32.dll
0x00007ff81bd40000 - 0x00007ff81bd4a000 	C:\WINDOWS\SYSTEM32\VERSION.dll
0x00007ff82b2d0000 - 0x00007ff82b33f000 	C:\WINDOWS\System32\WS2_32.dll
0x00007ff824800000 - 0x00007ff82482d000 	C:\WINDOWS\SYSTEM32\winmmbase.dll
0x00007ff828b60000 - 0x00007ff828baa000 	C:\WINDOWS\System32\cfgmgr32.dll
0x0000000056c30000 - 0x0000000056c3f000 	D:\downloadapp\java8\jdk\jre\bin\verify.dll
0x0000000056c00000 - 0x0000000056c29000 	D:\downloadapp\java8\jdk\jre\bin\java.dll
0x0000000056bd0000 - 0x0000000056bf3000 	D:\downloadapp\java8\jdk\jre\bin\instrument.dll
0x0000000056bb0000 - 0x0000000056bc6000 	D:\downloadapp\java8\jdk\jre\bin\zip.dll
0x00007ff829430000 - 0x00007ff829b15000 	C:\WINDOWS\System32\SHELL32.dll
0x00007ff82a420000 - 0x00007ff82a4c9000 	C:\WINDOWS\System32\shcore.dll
0x00007ff828cb0000 - 0x00007ff82942f000 	C:\WINDOWS\System32\windows.storage.dll
0x00007ff8282f0000 - 0x00007ff82830f000 	C:\WINDOWS\System32\profapi.dll
0x00007ff8282a0000 - 0x00007ff8282ea000 	C:\WINDOWS\System32\powrprof.dll
0x00007ff828250000 - 0x00007ff828260000 	C:\WINDOWS\System32\UMPDC.dll
0x00007ff82a730000 - 0x00007ff82a782000 	C:\WINDOWS\System32\shlwapi.dll
0x00007ff828280000 - 0x00007ff828291000 	C:\WINDOWS\System32\kernel.appcore.dll
0x00007ff828bb0000 - 0x00007ff828bc7000 	C:\WINDOWS\System32\cryptsp.dll
0x00007ff824b20000 - 0x00007ff824b3a000 	D:\downloadapp\IDEA\bin\breakgen64.dll
0x0000000056b90000 - 0x0000000056baa000 	D:\downloadapp\java8\jdk\jre\bin\net.dll
0x00007ff827ac0000 - 0x00007ff827b27000 	C:\WINDOWS\system32\mswsock.dll
0x00007ff827630000 - 0x00007ff827663000 	C:\WINDOWS\system32\rsaenh.dll
0x00007ff828bd0000 - 0x00007ff828bf6000 	C:\WINDOWS\System32\bcrypt.dll
0x00007ff828170000 - 0x00007ff828195000 	C:\WINDOWS\SYSTEM32\USERENV.dll
0x00007ff827c90000 - 0x00007ff827c9c000 	C:\WINDOWS\SYSTEM32\CRYPTBASE.dll
0x00007ff8277d0000 - 0x00007ff82780a000 	C:\WINDOWS\SYSTEM32\IPHLPAPI.DLL
0x00007ff82a7f0000 - 0x00007ff82a7f8000 	C:\WINDOWS\System32\NSI.dll
0x00007ff820ac0000 - 0x00007ff820ad6000 	C:\WINDOWS\SYSTEM32\dhcpcsvc6.DLL
0x00007ff820aa0000 - 0x00007ff820abc000 	C:\WINDOWS\SYSTEM32\dhcpcsvc.DLL
0x00007ff827820000 - 0x00007ff8278ea000 	C:\WINDOWS\SYSTEM32\DNSAPI.dll
0x0000000056b70000 - 0x0000000056b81000 	D:\downloadapp\java8\jdk\jre\bin\nio.dll
0x00007ff824970000 - 0x00007ff82497a000 	C:\Users\Lenovo\AppData\Local\Temp\jansi-1.16-6878621259362281033.dll
0x00007ff821220000 - 0x00007ff82122a000 	C:\Users\Lenovo\AppData\Local\Temp\jansi-1.16-2648578150464885610.dll
0x0000000056b60000 - 0x0000000056b6d000 	D:\downloadapp\java8\jdk\jre\bin\management.dll

VM Arguments:
jvm_args: -Dmaven.multiModuleProjectDirectory=D:\Jessica(note)\Marie(2019)\programming\黑马java全套\16项目大全\03品优购电商\代码\day-10\pinyougou-parent1\pinyougou-manager-web -DarchetypeCatalog=internal -Dmaven.home=D:\downloadapp\maven\apache-maven-3.5.2 -Dclassworlds.conf=D:\downloadapp\maven\apache-maven-3.5.2\bin\m2.conf -javaagent:D:\downloadapp\IDEA\lib\idea_rt.jar=49897:D:\downloadapp\IDEA\bin -Dfile.encoding=UTF-8 
java_command: org.codehaus.classworlds.Launcher -Didea.version=2017.2.7 -s D:\downloadapp\maven\apache-maven-3.5.2\conf\settings.xml -Dmaven.repo.local=D:\MavenRepository\maven_repository org.apache.tomcat.maven:tomcat7-maven-plugin:2.2:run
java_class_path (initial): D:\downloadapp\maven\apache-maven-3.5.2\boot\plexus-classworlds-2.5.2.jar;D:\downloadapp\IDEA\lib\idea_rt.jar
Launcher Type: SUN_STANDARD

Environment Variables:
JAVA_HOME=D:\downloadapp\java8\jdk
CLASSPATH=.;D:\downloadapp\java8\jdk\lib;D:\downloadapp\java8\jdk\lib\tools.jar
PATH=D:\downloadapp\OracleInstallWorkplace\product\11.2.0\dbhome_1\bin;D:\downloadapp\xftp\;D:\downloadapp\xshell\;C:\ProgramData\Oracle\Java\javapath;C:\WINDOWS\system32;C:\WINDOWS;C:\WINDOWS\System32\Wbem;C:\WINDOWS\System32\WindowsPowerShell\v1.0\;D:\downloadapp\python;D:\downloadapp\mongodb\bin;C:\WINDOWS\System32\OpenSSH\;D:\nodejs\node_modules\node_global;D:\downloadapp\mysql\bin;D:\downloadapp\git\Git\cmd;D:\downloadapp\nodev12\;D:\downloadapp\maven\apache-maven-3.5.2\bin;D:\downloadapp\crt\;D:\downloadapp\visualSVN\bin;D:\downloadapp\tortoiseSVN\bin;D:\downloadapp\TortoiseGit\bin;D:\downloadapp\mysql-5.6.17-winx64\bin;C:\Users\Lenovo\AppData\Local\Microsoft\WindowsApps;D:\downloadapp\vscode\Microsoft VS Code\bin;D:\downloadapp\java8\jdk\bin;D:\downloadapp\maven\apache-maven-3.2.2\bin;C:\Users\Lenovo\AppData\Roaming\npm;
USERNAME=Lenovo
OS=Windows_NT
PROCESSOR_IDENTIFIER=Intel64 Family 6 Model 142 Stepping 9, GenuineIntel



---------------  S Y S T E M  ---------------

OS: Windows 10.0 , 64 bit Build 18362 (10.0.18362.329)

CPU:total 4 (2 cores per cpu, 2 threads per core) family 6 model 142 stepping 9, cmov, cx8, fxsr, mmx, sse, sse2, sse3, ssse3, sse4.1, sse4.2, popcnt, avx, avx2, aes, clmul, erms, 3dnowpref, lzcnt, ht, tsc, tscinvbit, bmi1, bmi2, adx

Memory: 4k page, physical 12454628k(2935520k free), swap 27792480k(5124k free)

vm_info: Java HotSpot(TM) 64-Bit Server VM (25.121-b13) for windows-amd64 JRE (1.8.0_121-b13), built on Dec 12 2016 18:21:36 by "java_re" with MS VC++ 10.0 (VS2010)

time: Thu Dec 05 13:50:00 2019
elapsed time: 6 seconds (0d 0h 0m 6s)

