#
# There is insufficient memory for the Java Runtime Environment to continue.
# Native memory allocation (malloc) failed to allocate 2211056 bytes for Chunk::new
# Possible reasons:
#   The system is out of physical RAM or swap space
#   In 32 bit mode, the process size limit was hit
# Possible solutions:
#   Reduce memory load on the system
#   Increase physical memory or swap space
#   Check if swap backing store is full
#   Use 64 bit Java on a 64 bit OS
#   Decrease Java heap size (-Xmx/-Xms)
#   Decrease number of Java threads
#   Decrease Java thread stack sizes (-Xss)
#   Set larger code cache with -XX:ReservedCodeCacheSize=
# This output file may be truncated or incomplete.
#
#  Out of Memory Error (allocation.cpp:390), pid=7804, tid=0x00000000000038cc
#
# JRE version: Java(TM) SE Runtime Environment (8.0_121-b13) (build 1.8.0_121-b13)
# Java VM: Java HotSpot(TM) 64-Bit Server VM (25.121-b13 mixed mode windows-amd64 compressed oops)
# Failed to write core dump. Minidumps are not enabled by default on client versions of Windows
#

---------------  T H R E A D  ---------------

Current thread (0x000000001bc0a800):  JavaThread "C2 CompilerThread1" daemon [_thread_in_native, id=14540, stack(0x000000001c3d0000,0x000000001c4d0000)]

Stack: [0x000000001c3d0000,0x000000001c4d0000]
[error occurred during error reporting (printing stack bounds), id 0xc0000005]

Native frames: (J=compiled Java code, j=interpreted, Vv=VM code, C=native code)


Current CompileTask:
C2:  24830 4952   !   4       java.net.URLClassLoader$1::run (63 bytes)


---------------  P R O C E S S  ---------------

Java Threads: ( => current thread )
  0x000000001dd87000 JavaThread "ZkClient-EventThread-32-192.168.153.129:2181" daemon [_thread_blocked, id=8180, stack(0x0000000022790000,0x0000000022890000)]
  0x000000001dd85800 JavaThread "DubboRegistryFailedRetryTimer-thread-1" daemon [_thread_blocked, id=15604, stack(0x000000001e850000,0x000000001e950000)]
  0x000000001dd8c800 JavaThread "http-bio-9104-exec-10" daemon [_thread_in_native, id=8312, stack(0x00000000262f0000,0x00000000263f0000)]
  0x000000001dd8b000 JavaThread "http-bio-9104-exec-9" daemon [_thread_in_native, id=2180, stack(0x00000000261f0000,0x00000000262f0000)]
  0x000000001dd8a000 JavaThread "http-bio-9104-exec-8" daemon [_thread_in_native, id=15460, stack(0x00000000260f0000,0x00000000261f0000)]
  0x000000001dd86800 JavaThread "http-bio-9104-exec-7" daemon [_thread_in_native, id=6824, stack(0x0000000025ff0000,0x00000000260f0000)]
  0x000000001dd89800 JavaThread "http-bio-9104-exec-6" daemon [_thread_blocked, id=12536, stack(0x0000000025df0000,0x0000000025ef0000)]
  0x000000001dd8b800 JavaThread "http-bio-9104-exec-5" daemon [_thread_blocked, id=16060, stack(0x0000000025b00000,0x0000000025c00000)]
  0x000000001e02f800 JavaThread "http-bio-9104-exec-4" daemon [_thread_blocked, id=6100, stack(0x0000000025a00000,0x0000000025b00000)]
  0x000000001cc9d800 JavaThread "http-bio-9104-exec-3" daemon [_thread_in_native, id=13208, stack(0x0000000025900000,0x0000000025a00000)]
  0x000000001d7ac800 JavaThread "http-bio-9104-exec-2" daemon [_thread_in_native, id=5816, stack(0x0000000025cf0000,0x0000000025df0000)]
  0x0000000023abd800 JavaThread "http-bio-9104-exec-1" daemon [_thread_blocked, id=16420, stack(0x0000000025800000,0x0000000025900000)]
  0x000000001cf31000 JavaThread "http-bio-9104-AsyncTimeout" daemon [_thread_blocked, id=18052, stack(0x00000000223e0000,0x00000000224e0000)]
  0x0000000020766000 JavaThread "http-bio-9104-Acceptor-0" daemon [_thread_in_native, id=18192, stack(0x00000000222e0000,0x00000000223e0000)]
  0x0000000021319800 JavaThread "ContainerBackgroundProcessor[StandardEngine[Tomcat]]" daemon [_thread_blocked, id=12024, stack(0x00000000221e0000,0x00000000222e0000)]
  0x000000001db27800 JavaThread "Thread-2" daemon [_thread_in_native, id=15448, stack(0x0000000021ee0000,0x0000000021fe0000)]
  0x000000001bc9d000 JavaThread "Service Thread" daemon [_thread_blocked, id=8220, stack(0x000000001c5d0000,0x000000001c6d0000)]
  0x000000001bc0c000 JavaThread "C1 CompilerThread2" daemon [_thread_blocked, id=18296, stack(0x000000001c4d0000,0x000000001c5d0000)]
=>0x000000001bc0a800 JavaThread "C2 CompilerThread1" daemon [_thread_in_native, id=14540, stack(0x000000001c3d0000,0x000000001c4d0000)]
  0x000000001bc06000 JavaThread "C2 CompilerThread0" daemon [_thread_in_native, id=15412, stack(0x000000001c2d0000,0x000000001c3d0000)]
  0x000000001bbef000 JavaThread "Monitor Ctrl-Break" daemon [_thread_in_native, id=3448, stack(0x000000001c1d0000,0x000000001c2d0000)]
  0x000000001a890000 JavaThread "Attach Listener" daemon [_thread_blocked, id=16256, stack(0x000000001c0d0000,0x000000001c1d0000)]
  0x000000001bbd8800 JavaThread "Signal Dispatcher" daemon [_thread_blocked, id=8020, stack(0x000000001bfd0000,0x000000001c0d0000)]
  0x000000001a869000 JavaThread "Finalizer" daemon [_thread_blocked, id=11416, stack(0x000000001bad0000,0x000000001bbd0000)]
  0x0000000003801000 JavaThread "Reference Handler" daemon [_thread_blocked, id=6828, stack(0x000000001b9d0000,0x000000001bad0000)]
  0x000000000312e800 JavaThread "main" [_thread_blocked, id=10152, stack(0x00000000034b0000,0x00000000035b0000)]

Other Threads:
  0x000000001a848000 VMThread [stack: 0x000000001b8d0000,0x000000001b9d0000] [id=2496]
  0x000000001bcd8000 WatcherThread [stack: 0x000000001c6d0000,0x000000001c7d0000] [id=12200]

VM state:not at safepoint (normal execution)

VM Mutex/Monitor currently owned by a thread: None

Heap:
 PSYoungGen      total 268288K, used 48222K [0x0000000780a00000, 0x0000000792e00000, 0x00000007c0000000)
  eden space 238592K, 20% used [0x0000000780a00000,0x0000000783917b00,0x000000078f300000)
  from space 29696K, 0% used [0x0000000791100000,0x0000000791100000,0x0000000792e00000)
  to   space 30208K, 0% used [0x000000078f300000,0x000000078f300000,0x0000000791080000)
 ParOldGen       total 128000K, used 28545K [0x0000000701e00000, 0x0000000709b00000, 0x0000000780a00000)
  object space 128000K, 22% used [0x0000000701e00000,0x00000007039e0450,0x0000000709b00000)
 Metaspace       used 38127K, capacity 38858K, committed 39296K, reserved 1083392K
  class space    used 4511K, capacity 4725K, committed 4736K, reserved 1048576K

Card table byte_map: [0x0000000012bd0000,0x00000000131d0000] byte_map_base: 0x000000000f3c1000

Marking Bits: (ParMarkBitMap*) 0x000000005624b6d0
 Begin Bits: [0x00000000139d0000, 0x0000000016958000)
 End Bits:   [0x0000000016958000, 0x00000000198e0000)

Polling page: 0x0000000000ff0000

CodeCache: size=245760Kb used=14281Kb max_used=14281Kb free=231479Kb
 bounds [0x0000000003810000, 0x0000000004610000, 0x0000000012810000]
 total_blobs=4843 nmethods=4392 adapters=363
 compilation: enabled

Compilation events (10 events):
Event: 24.610 Thread 0x000000001bc0c000 5090       2       java.util.Collections$UnmodifiableMap$UnmodifiableEntrySet$UnmodifiableEntry::getValue (10 bytes)
Event: 24.610 Thread 0x000000001bc0c000 nmethod 5090 0x000000000460cc10 code [0x000000000460cd80, 0x000000000460cf08]
Event: 24.610 Thread 0x000000001bc0c000 5088       2       javassist.bytecode.ClassFile::getAttribute (53 bytes)
Event: 24.610 Thread 0x000000001bc0c000 nmethod 5088 0x000000000460cf90 code [0x000000000460d140, 0x000000000460d5a8]
Event: 24.610 Thread 0x000000001bc0c000 5086       2       javassist.CtClassType::isInterface (8 bytes)
Event: 24.611 Thread 0x000000001bc0c000 nmethod 5086 0x000000000460dad0 code [0x000000000460dc40, 0x000000000460ddc8]
Event: 24.611 Thread 0x000000001bc0c000 5087       1       javassist.CtClassType::isFrozen (5 bytes)
Event: 24.611 Thread 0x000000001bc0c000 nmethod 5087 0x000000000460de50 code [0x000000000460dfa0, 0x000000000460e0b0]
Event: 24.625 Thread 0x000000001bc0c000 5091   !   2       java.lang.ClassLoader::checkCerts (195 bytes)
Event: 24.626 Thread 0x000000001bc0c000 nmethod 5091 0x000000000460e110 code [0x000000000460e340, 0x000000000460ebd8]

GC Heap History (10 events):
Event: 7.731 GC heap before
{Heap before GC invocations=10 (full 1):
 PSYoungGen      total 134656K, used 134655K [0x0000000780a00000, 0x000000078c980000, 0x00000007c0000000)
  eden space 119296K, 100% used [0x0000000780a00000,0x0000000787e80000,0x0000000787e80000)
  from space 15360K, 99% used [0x0000000789200000,0x000000078a0ffd88,0x000000078a100000)
  to   space 19968K, 0% used [0x0000000787e80000,0x0000000787e80000,0x0000000789200000)
 ParOldGen       total 87040K, used 21804K [0x0000000701e00000, 0x0000000707300000, 0x0000000780a00000)
  object space 87040K, 25% used [0x0000000701e00000,0x000000070334b120,0x0000000707300000)
 Metaspace       used 23945K, capacity 24494K, committed 24832K, reserved 1071104K
  class space    used 2806K, capacity 2994K, committed 3072K, reserved 1048576K
Event: 7.864 GC heap after
Heap after GC invocations=10 (full 1):
 PSYoungGen      total 139264K, used 19965K [0x0000000780a00000, 0x000000078e300000, 0x00000007c0000000)
  eden space 119296K, 0% used [0x0000000780a00000,0x0000000780a00000,0x0000000787e80000)
  from space 19968K, 99% used [0x0000000787e80000,0x00000007891ff498,0x0000000789200000)
  to   space 24576K, 0% used [0x000000078cb00000,0x000000078cb00000,0x000000078e300000)
 ParOldGen       total 87040K, used 27965K [0x0000000701e00000, 0x0000000707300000, 0x0000000780a00000)
  object space 87040K, 32% used [0x0000000701e00000,0x000000070394f470,0x0000000707300000)
 Metaspace       used 23945K, capacity 24494K, committed 24832K, reserved 1071104K
  class space    used 2806K, capacity 2994K, committed 3072K, reserved 1048576K
}
Event: 9.057 GC heap before
{Heap before GC invocations=11 (full 1):
 PSYoungGen      total 139264K, used 139261K [0x0000000780a00000, 0x000000078e300000, 0x00000007c0000000)
  eden space 119296K, 100% used [0x0000000780a00000,0x0000000787e80000,0x0000000787e80000)
  from space 19968K, 99% used [0x0000000787e80000,0x00000007891ff498,0x0000000789200000)
  to   space 24576K, 0% used [0x000000078cb00000,0x000000078cb00000,0x000000078e300000)
 ParOldGen       total 87040K, used 27965K [0x0000000701e00000, 0x0000000707300000, 0x0000000780a00000)
  object space 87040K, 32% used [0x0000000701e00000,0x000000070394f470,0x0000000707300000)
 Metaspace       used 23948K, capacity 24494K, committed 24832K, reserved 1071104K
  class space    used 2806K, capacity 2994K, committed 3072K, reserved 1048576K
Event: 9.091 GC heap after
Heap after GC invocations=11 (full 1):
 PSYoungGen      total 195072K, used 22696K [0x0000000780a00000, 0x000000078e700000, 0x00000007c0000000)
  eden space 170496K, 0% used [0x0000000780a00000,0x0000000780a00000,0x000000078b080000)
  from space 24576K, 92% used [0x000000078cb00000,0x000000078e12a2b8,0x000000078e300000)
  to   space 27136K, 0% used [0x000000078b080000,0x000000078b080000,0x000000078cb00000)
 ParOldGen       total 87040K, used 31002K [0x0000000701e00000, 0x0000000707300000, 0x0000000780a00000)
  object space 87040K, 35% used [0x0000000701e00000,0x0000000703c468c0,0x0000000707300000)
 Metaspace       used 23948K, capacity 24494K, committed 24832K, reserved 1071104K
  class space    used 2806K, capacity 2994K, committed 3072K, reserved 1048576K
}
Event: 23.185 GC heap before
{Heap before GC invocations=12 (full 1):
 PSYoungGen      total 195072K, used 193192K [0x0000000780a00000, 0x000000078e700000, 0x00000007c0000000)
  eden space 170496K, 100% used [0x0000000780a00000,0x000000078b080000,0x000000078b080000)
  from space 24576K, 92% used [0x000000078cb00000,0x000000078e12a2b8,0x000000078e300000)
  to   space 27136K, 0% used [0x000000078b080000,0x000000078b080000,0x000000078cb00000)
 ParOldGen       total 87040K, used 31002K [0x0000000701e00000, 0x0000000707300000, 0x0000000780a00000)
  object space 87040K, 35% used [0x0000000701e00000,0x0000000703c468c0,0x0000000707300000)
 Metaspace       used 32786K, capacity 33478K, committed 33664K, reserved 1079296K
  class space    used 3913K, capacity 4131K, committed 4224K, reserved 1048576K
Event: 23.208 GC heap after
Heap after GC invocations=12 (full 1):
 PSYoungGen      total 197632K, used 24498K [0x0000000780a00000, 0x0000000792e00000, 0x00000007c0000000)
  eden space 170496K, 0% used [0x0000000780a00000,0x0000000780a00000,0x000000078b080000)
  from space 27136K, 90% used [0x000000078b080000,0x000000078c86caf0,0x000000078cb00000)
  to   space 29696K, 0% used [0x0000000791100000,0x0000000791100000,0x0000000792e00000)
 ParOldGen       total 87040K, used 32980K [0x0000000701e00000, 0x0000000707300000, 0x0000000780a00000)
  object space 87040K, 37% used [0x0000000701e00000,0x0000000703e353b8,0x0000000707300000)
 Metaspace       used 32786K, capacity 33478K, committed 33664K, reserved 1079296K
  class space    used 3913K, capacity 4131K, committed 4224K, reserved 1048576K
}
Event: 23.675 GC heap before
{Heap before GC invocations=13 (full 1):
 PSYoungGen      total 197632K, used 44173K [0x0000000780a00000, 0x0000000792e00000, 0x00000007c0000000)
  eden space 170496K, 11% used [0x0000000780a00000,0x0000000781d36980,0x000000078b080000)
  from space 27136K, 90% used [0x000000078b080000,0x000000078c86caf0,0x000000078cb00000)
  to   space 29696K, 0% used [0x0000000791100000,0x0000000791100000,0x0000000792e00000)
 ParOldGen       total 87040K, used 32980K [0x0000000701e00000, 0x0000000707300000, 0x0000000780a00000)
  object space 87040K, 37% used [0x0000000701e00000,0x0000000703e353b8,0x0000000707300000)
 Metaspace       used 34680K, capacity 35314K, committed 35496K, reserved 1081344K
  class space    used 4133K, capacity 4337K, committed 4352K, reserved 1048576K
Event: 23.686 GC heap after
Heap after GC invocations=13 (full 1):
 PSYoungGen      total 268288K, used 2242K [0x0000000780a00000, 0x0000000792e00000, 0x00000007c0000000)
  eden space 238592K, 0% used [0x0000000780a00000,0x0000000780a00000,0x000000078f300000)
  from space 29696K, 7% used [0x0000000791100000,0x0000000791330b50,0x0000000792e00000)
  to   space 30208K, 0% used [0x000000078f300000,0x000000078f300000,0x0000000791080000)
 ParOldGen       total 87040K, used 44881K [0x0000000701e00000, 0x0000000707300000, 0x0000000780a00000)
  object space 87040K, 51% used [0x0000000701e00000,0x00000007049d4760,0x0000000707300000)
 Metaspace       used 34680K, capacity 35314K, committed 35496K, reserved 1081344K
  class space    used 4133K, capacity 4337K, committed 4352K, reserved 1048576K
}
Event: 23.686 GC heap before
{Heap before GC invocations=14 (full 2):
 PSYoungGen      total 268288K, used 2242K [0x0000000780a00000, 0x0000000792e00000, 0x00000007c0000000)
  eden space 238592K, 0% used [0x0000000780a00000,0x0000000780a00000,0x000000078f300000)
  from space 29696K, 7% used [0x0000000791100000,0x0000000791330b50,0x0000000792e00000)
  to   space 30208K, 0% used [0x000000078f300000,0x000000078f300000,0x0000000791080000)
 ParOldGen       total 87040K, used 44881K [0x0000000701e00000, 0x0000000707300000, 0x0000000780a00000)
  object space 87040K, 51% used [0x0000000701e00000,0x00000007049d4760,0x0000000707300000)
 Metaspace       used 34680K, capacity 35314K, committed 35496K, reserved 1081344K
  class space    used 4133K, capacity 4337K, committed 4352K, reserved 1048576K
Event: 23.798 GC heap after
Heap after GC invocations=14 (full 2):
 PSYoungGen      total 268288K, used 0K [0x0000000780a00000, 0x0000000792e00000, 0x00000007c0000000)
  eden space 238592K, 0% used [0x0000000780a00000,0x0000000780a00000,0x000000078f300000)
  from space 29696K, 0% used [0x0000000791100000,0x0000000791100000,0x0000000792e00000)
  to   space 30208K, 0% used [0x000000078f300000,0x000000078f300000,0x0000000791080000)
 ParOldGen       total 128000K, used 28545K [0x0000000701e00000, 0x0000000709b00000, 0x0000000780a00000)
  object space 128000K, 22% used [0x0000000701e00000,0x00000007039e0450,0x0000000709b00000)
 Metaspace       used 34680K, capacity 35314K, committed 35496K, reserved 1081344K
  class space    used 4133K, capacity 4337K, committed 4352K, reserved 1048576K
}

Deoptimization events (10 events):
Event: 23.654 Thread 0x000000001dd8b000 Uncommon trap: reason=class_check action=maybe_recompile pc=0x00000000039dd70c method=java.lang.Throwable.<init>(Ljava/lang/String;Ljava/lang/Throwable;)V @ 24
Event: 23.655 Thread 0x000000001dd8b000 Uncommon trap: reason=class_check action=maybe_recompile pc=0x00000000039dd70c method=java.lang.Throwable.<init>(Ljava/lang/String;Ljava/lang/Throwable;)V @ 24
Event: 23.658 Thread 0x000000001dd8b000 Uncommon trap: reason=unstable_if action=reinterpret pc=0x00000000039860b4 method=java.util.HashMap.putMapEntries(Ljava/util/Map;Z)V @ 53
Event: 24.251 Thread 0x000000001dd8b000 Uncommon trap: reason=unstable_if action=reinterpret pc=0x0000000003e76f30 method=java.util.WeakHashMap.get(Ljava/lang/Object;)Ljava/lang/Object; @ 56
Event: 24.358 Thread 0x000000001dd8b000 Uncommon trap: reason=bimorphic action=maybe_recompile pc=0x0000000003dad03c method=java.util.regex.Pattern$5.isSatisfiedBy(I)Z @ 5
Event: 24.358 Thread 0x000000001dd8b000 Uncommon trap: reason=bimorphic action=maybe_recompile pc=0x0000000003dad03c method=java.util.regex.Pattern$5.isSatisfiedBy(I)Z @ 5
Event: 24.358 Thread 0x000000001dd8b000 Uncommon trap: reason=bimorphic action=maybe_recompile pc=0x0000000003dad03c method=java.util.regex.Pattern$5.isSatisfiedBy(I)Z @ 5
Event: 24.358 Thread 0x000000001dd8b000 Uncommon trap: reason=bimorphic action=maybe_recompile pc=0x0000000003dad03c method=java.util.regex.Pattern$5.isSatisfiedBy(I)Z @ 5
Event: 24.367 Thread 0x000000001dd8b000 Uncommon trap: reason=class_check action=maybe_recompile pc=0x00000000041a15f8 method=java.lang.reflect.Field.getAnnotation(Ljava/lang/Class;)Ljava/lang/annotation/Annotation; @ 19
Event: 24.384 Thread 0x000000001dd8b000 Uncommon trap: reason=class_check action=maybe_recompile pc=0x00000000039dd70c method=java.lang.Throwable.<init>(Ljava/lang/String;Ljava/lang/Throwable;)V @ 24

Internal exceptions (10 events):
Event: 24.357 Thread 0x000000001dd8b000 Exception <a 'java/lang/ClassNotFoundException': com/alibaba/dubbo/config/ApplicationConfigBeanInfo> (0x0000000782172af0) thrown at [C:\re\workspace\8-2-build-windows-amd64-cygwin\jdk8u121\8372\hotspot\src\share\vm\classfile\systemDictionary.cpp, line 210
Event: 24.357 Thread 0x000000001dd8b000 Exception <a 'java/lang/ClassNotFoundException': com/alibaba/dubbo/config/ApplicationConfigCustomizer> (0x0000000782190008) thrown at [C:\re\workspace\8-2-build-windows-amd64-cygwin\jdk8u121\8372\hotspot\src\share\vm\classfile\systemDictionary.cpp, line 2
Event: 24.360 Thread 0x000000001dd8b000 Exception <a 'java/lang/ClassNotFoundException': com/alibaba/dubbo/config/RegistryConfigBeanInfo> (0x00000007821e6bf0) thrown at [C:\re\workspace\8-2-build-windows-amd64-cygwin\jdk8u121\8372\hotspot\src\share\vm\classfile\systemDictionary.cpp, line 210]
Event: 24.360 Thread 0x000000001dd8b000 Exception <a 'java/lang/ClassNotFoundException': com/alibaba/dubbo/config/RegistryConfigCustomizer> (0x0000000782203048) thrown at [C:\re\workspace\8-2-build-windows-amd64-cygwin\jdk8u121\8372\hotspot\src\share\vm\classfile\systemDictionary.cpp, line 210]
Event: 24.366 Thread 0x000000001dd8b000 Exception <a 'java/lang/ClassNotFoundException': com/pinyougou/search/controller/ItemSearchControllerBeanInfo> (0x00000007822bb150) thrown at [C:\re\workspace\8-2-build-windows-amd64-cygwin\jdk8u121\8372\hotspot\src\share\vm\classfile\systemDictionary.cpp
Event: 24.367 Thread 0x000000001dd8b000 Exception <a 'java/lang/ClassNotFoundException': com/pinyougou/search/controller/ItemSearchControllerCustomizer> (0x00000007822db4a8) thrown at [C:\re\workspace\8-2-build-windows-amd64-cygwin\jdk8u121\8372\hotspot\src\share\vm\classfile\systemDictionary.c
Event: 24.384 Thread 0x000000001dd8b000 Exception <a 'java/lang/NoClassDefFoundError': com/caucho/hessian/client/HessianConnectionFactory> (0x0000000782496b58) thrown at [C:\re\workspace\8-2-build-windows-amd64-cygwin\jdk8u121\8372\hotspot\src\share\vm\classfile\systemDictionary.cpp, line 199]
Event: 24.386 Thread 0x000000001dd8b000 Exception <a 'java/lang/NoClassDefFoundError': org/apache/cxf/Bus> (0x00000007824c9918) thrown at [C:\re\workspace\8-2-build-windows-amd64-cygwin\jdk8u121\8372\hotspot\src\share\vm\classfile\systemDictionary.cpp, line 199]
Event: 24.387 Thread 0x000000001dd8b000 Exception <a 'java/lang/NoClassDefFoundError': net/rubyeye/xmemcached/MemcachedClientBuilder> (0x00000007824f16f0) thrown at [C:\re\workspace\8-2-build-windows-amd64-cygwin\jdk8u121\8372\hotspot\src\share\vm\classfile\systemDictionary.cpp, line 199]
Event: 24.396 Thread 0x000000001dd8b000 Exception <a 'java/lang/NoClassDefFoundError': org/jboss/resteasy/client/jaxrs/ClientHttpEngine> (0x00000007825433e8) thrown at [C:\re\workspace\8-2-build-windows-amd64-cygwin\jdk8u121\8372\hotspot\src\share\vm\classfile\systemDictionary.cpp, line 199]

Events (10 events):
Event: 24.647 loading class org/slf4j/helpers/NamedLoggerBase
Event: 24.647 loading class org/slf4j/helpers/NamedLoggerBase done
Event: 24.648 loading class org/apache/zookeeper/Environment
Event: 24.648 loading class org/apache/zookeeper/Environment done
Event: 24.649 loading class org/apache/zookeeper/Version
Event: 24.649 loading class org/apache/zookeeper/Version done
Event: 24.649 loading class org/apache/zookeeper/version/Info
Event: 24.649 loading class org/apache/zookeeper/version/Info done
Event: 24.650 loading class org/apache/zookeeper/Environment$Entry
Event: 24.650 loading class org/apache/zookeeper/Environment$Entry done


Dynamic libraries:
0x00007ff718e80000 - 0x00007ff718eb7000 	D:\downloadapp\java8\jdk\bin\java.exe
0x00007ff82b380000 - 0x00007ff82b570000 	C:\WINDOWS\SYSTEM32\ntdll.dll
0x00007ff82b210000 - 0x00007ff82b2c2000 	C:\WINDOWS\System32\KERNEL32.DLL
0x00007ff8284c0000 - 0x00007ff828763000 	C:\WINDOWS\System32\KERNELBASE.dll
0x00007ff82b0f0000 - 0x00007ff82b193000 	C:\WINDOWS\System32\ADVAPI32.dll
0x00007ff82a380000 - 0x00007ff82a41e000 	C:\WINDOWS\System32\msvcrt.dll
0x00007ff829ba0000 - 0x00007ff829c37000 	C:\WINDOWS\System32\sechost.dll
0x00007ff82afd0000 - 0x00007ff82b0f0000 	C:\WINDOWS\System32\RPCRT4.dll
0x00007ff829df0000 - 0x00007ff829f84000 	C:\WINDOWS\System32\USER32.dll
0x00007ff828390000 - 0x00007ff8283b1000 	C:\WINDOWS\System32\win32u.dll
0x00007ff82a5b0000 - 0x00007ff82a5d6000 	C:\WINDOWS\System32\GDI32.dll
0x00007ff8289c0000 - 0x00007ff828b54000 	C:\WINDOWS\System32\gdi32full.dll
0x00007ff828770000 - 0x00007ff82880e000 	C:\WINDOWS\System32\msvcp_win.dll
0x00007ff8283c0000 - 0x00007ff8284ba000 	C:\WINDOWS\System32\ucrtbase.dll
0x00007ff81b700000 - 0x00007ff81b985000 	C:\WINDOWS\WinSxS\amd64_microsoft.windows.common-controls_6595b64144ccf1df_6.0.18362.418_none_e6c6b287130d565d\COMCTL32.dll
0x00007ff82a040000 - 0x00007ff82a376000 	C:\WINDOWS\System32\combase.dll
0x00007ff828310000 - 0x00007ff828390000 	C:\WINDOWS\System32\bcryptPrimitives.dll
0x00007ff82a880000 - 0x00007ff82a8ae000 	C:\WINDOWS\System32\IMM32.DLL
0x0000000056c40000 - 0x0000000056d12000 	D:\downloadapp\java8\jdk\jre\bin\msvcr100.dll
0x0000000055a30000 - 0x00000000562cb000 	D:\downloadapp\java8\jdk\jre\bin\server\jvm.dll
0x00007ff82ad20000 - 0x00007ff82ad28000 	C:\WINDOWS\System32\PSAPI.DLL
0x00007ff813680000 - 0x00007ff813689000 	C:\WINDOWS\SYSTEM32\WSOCK32.dll
0x00007ff824840000 - 0x00007ff824864000 	C:\WINDOWS\SYSTEM32\WINMM.dll
0x00007ff82b2d0000 - 0x00007ff82b33f000 	C:\WINDOWS\System32\WS2_32.dll
0x00007ff81bd40000 - 0x00007ff81bd4a000 	C:\WINDOWS\SYSTEM32\VERSION.dll
0x00007ff824800000 - 0x00007ff82482d000 	C:\WINDOWS\SYSTEM32\WINMMBASE.dll
0x00007ff828b60000 - 0x00007ff828baa000 	C:\WINDOWS\System32\cfgmgr32.dll
0x0000000056c30000 - 0x0000000056c3f000 	D:\downloadapp\java8\jdk\jre\bin\verify.dll
0x0000000056c00000 - 0x0000000056c29000 	D:\downloadapp\java8\jdk\jre\bin\java.dll
0x0000000056bd0000 - 0x0000000056bf3000 	D:\downloadapp\java8\jdk\jre\bin\instrument.dll
0x0000000056bb0000 - 0x0000000056bc6000 	D:\downloadapp\java8\jdk\jre\bin\zip.dll
0x00007ff829430000 - 0x00007ff829b15000 	C:\WINDOWS\System32\SHELL32.dll
0x00007ff82a420000 - 0x00007ff82a4c9000 	C:\WINDOWS\System32\shcore.dll
0x00007ff828cb0000 - 0x00007ff82942f000 	C:\WINDOWS\System32\windows.storage.dll
0x00007ff8282f0000 - 0x00007ff82830f000 	C:\WINDOWS\System32\profapi.dll
0x00007ff8282a0000 - 0x00007ff8282ea000 	C:\WINDOWS\System32\powrprof.dll
0x00007ff828250000 - 0x00007ff828260000 	C:\WINDOWS\System32\UMPDC.dll
0x00007ff82a730000 - 0x00007ff82a782000 	C:\WINDOWS\System32\shlwapi.dll
0x00007ff828280000 - 0x00007ff828291000 	C:\WINDOWS\System32\kernel.appcore.dll
0x00007ff828bb0000 - 0x00007ff828bc7000 	C:\WINDOWS\System32\cryptsp.dll
0x00007ff80d230000 - 0x00007ff80d24a000 	D:\downloadapp\IDEA\bin\breakgen64.dll
0x0000000056b90000 - 0x0000000056baa000 	D:\downloadapp\java8\jdk\jre\bin\net.dll
0x00007ff827ac0000 - 0x00007ff827b27000 	C:\WINDOWS\system32\mswsock.dll
0x00007ff827630000 - 0x00007ff827663000 	C:\WINDOWS\system32\rsaenh.dll
0x00007ff828bd0000 - 0x00007ff828bf6000 	C:\WINDOWS\System32\bcrypt.dll
0x00007ff828170000 - 0x00007ff828195000 	C:\WINDOWS\SYSTEM32\USERENV.dll
0x00007ff827c90000 - 0x00007ff827c9c000 	C:\WINDOWS\SYSTEM32\CRYPTBASE.dll
0x00007ff8277d0000 - 0x00007ff82780a000 	C:\WINDOWS\SYSTEM32\IPHLPAPI.DLL
0x00007ff82a7f0000 - 0x00007ff82a7f8000 	C:\WINDOWS\System32\NSI.dll
0x00007ff820ac0000 - 0x00007ff820ad6000 	C:\WINDOWS\SYSTEM32\dhcpcsvc6.DLL
0x00007ff820aa0000 - 0x00007ff820abc000 	C:\WINDOWS\SYSTEM32\dhcpcsvc.DLL
0x00007ff827820000 - 0x00007ff8278ea000 	C:\WINDOWS\SYSTEM32\DNSAPI.dll
0x0000000056b70000 - 0x0000000056b81000 	D:\downloadapp\java8\jdk\jre\bin\nio.dll
0x00007ff821230000 - 0x00007ff82123a000 	C:\Users\Lenovo\AppData\Local\Temp\jansi-1.16-4828213220398398712.dll
0x00007ff81c2f0000 - 0x00007ff81c2fa000 	C:\Users\Lenovo\AppData\Local\Temp\jansi-1.16-1261097403803782734.dll
0x0000000056b60000 - 0x0000000056b6d000 	D:\downloadapp\java8\jdk\jre\bin\management.dll
0x00007ff80d030000 - 0x00007ff80d046000 	C:\WINDOWS\system32\napinsp.dll
0x00007ff80cf80000 - 0x00007ff80cf9a000 	C:\WINDOWS\system32\pnrpnsp.dll
0x00007ff80d020000 - 0x00007ff80d02e000 	C:\WINDOWS\System32\winrnr.dll
0x00007ff824aa0000 - 0x00007ff824abc000 	C:\WINDOWS\system32\NLAapi.dll
0x00007ff80d000000 - 0x00007ff80d015000 	C:\WINDOWS\system32\wshbth.dll
0x00007ff81b9d0000 - 0x00007ff81b9da000 	C:\Windows\System32\rasadhlp.dll
0x00007ff81c5e0000 - 0x00007ff81c657000 	C:\WINDOWS\System32\fwpuclnt.dll

VM Arguments:
jvm_args: -Dmaven.multiModuleProjectDirectory=D:\Jessica(note)\Marie(2019)\programming\黑马java全套\16项目大全\03品优购电商\代码\day-10\pinyougou-parent1\pinyougou-search-web -DarchetypeCatalog=internal -Dmaven.home=D:\downloadapp\maven\apache-maven-3.5.2 -Dclassworlds.conf=D:\downloadapp\maven\apache-maven-3.5.2\bin\m2.conf -javaagent:D:\downloadapp\IDEA\lib\idea_rt.jar=54198:D:\downloadapp\IDEA\bin -Dfile.encoding=UTF-8 
java_command: org.codehaus.classworlds.Launcher -Didea.version=2017.2.7 -s D:\downloadapp\maven\apache-maven-3.5.2\conf\settings.xml -Dmaven.repo.local=D:\MavenRepository\maven_repository org.apache.tomcat.maven:tomcat7-maven-plugin:2.2:run
java_class_path (initial): D:\downloadapp\maven\apache-maven-3.5.2\boot\plexus-classworlds-2.5.2.jar;D:\downloadapp\IDEA\lib\idea_rt.jar
Launcher Type: SUN_STANDARD

Environment Variables:
JAVA_HOME=D:\downloadapp\java8\jdk
CLASSPATH=.;D:\downloadapp\java8\jdk\lib;D:\downloadapp\java8\jdk\lib\tools.jar
PATH=D:\downloadapp\OracleInstallWorkplace\product\11.2.0\dbhome_1\bin;D:\downloadapp\xftp\;D:\downloadapp\xshell\;C:\ProgramData\Oracle\Java\javapath;C:\WINDOWS\system32;C:\WINDOWS;C:\WINDOWS\System32\Wbem;C:\WINDOWS\System32\WindowsPowerShell\v1.0\;D:\downloadapp\python;D:\downloadapp\mongodb\bin;C:\WINDOWS\System32\OpenSSH\;D:\nodejs\node_modules\node_global;D:\downloadapp\mysql\bin;D:\downloadapp\git\Git\cmd;D:\downloadapp\nodev12\;D:\downloadapp\maven\apache-maven-3.5.2\bin;D:\downloadapp\crt\;D:\downloadapp\visualSVN\bin;D:\downloadapp\tortoiseSVN\bin;D:\downloadapp\TortoiseGit\bin;D:\downloadapp\mysql-5.6.17-winx64\bin;C:\Users\Lenovo\AppData\Local\Microsoft\WindowsApps;D:\downloadapp\vscode\Microsoft VS Code\bin;D:\downloadapp\java8\jdk\bin;D:\downloadapp\maven\apache-maven-3.2.2\bin;C:\Users\Lenovo\AppData\Roaming\npm;
USERNAME=Lenovo
OS=Windows_NT
PROCESSOR_IDENTIFIER=Intel64 Family 6 Model 142 Stepping 9, GenuineIntel



---------------  S Y S T E M  ---------------

OS: Windows 10.0 , 64 bit Build 18362 (10.0.18362.329)

CPU:total 4 (2 cores per cpu, 2 threads per core) family 6 model 142 stepping 9, cmov, cx8, fxsr, mmx, sse, sse2, sse3, ssse3, sse4.1, sse4.2, popcnt, avx, avx2, aes, clmul, erms, 3dnowpref, lzcnt, ht, tsc, tscinvbit, bmi1, bmi2, adx

Memory: 4k page, physical 12454628k(2209932k free), swap 27792480k(6752k free)

vm_info: Java HotSpot(TM) 64-Bit Server VM (25.121-b13) for windows-amd64 JRE (1.8.0_121-b13), built on Dec 12 2016 18:21:36 by "java_re" with MS VC++ 10.0 (VS2010)

time: Thu Dec 05 16:52:35 2019
elapsed time: 24 seconds (0d 0h 0m 24s)

